<?xml version="1.0" encoding="utf-8" standalone="no"?>
<!--This file represents the results of running a test suite-->
<test-results name="/Users/meafmira/projects/upcloud-api-spec/sdk/csharp/src/Upcloud.Test/bin/Debug/Upcloud.Test.dll" total="1" errors="0" failures="0" not-run="0" inconclusive="0" ignored="0" skipped="0" invalid="0" date="2017-11-03" time="16:09:04">
  <environment nunit-version="2.6.4.14350" clr-version="4.0.30319.42000" os-version="Unix 17.2.0.0" platform="Unix" cwd="/Users/meafmira/projects/upcloud-api-spec/sdk/csharp" machine-name="Olegs-MacBook-Pro-2.local" user="meafmira" user-domain="Olegs-MacBook-Pro-2.local" />
  <culture-info current-culture="en-US" current-uiculture="en-US" />
  <test-suite type="Assembly" name="/Users/meafmira/projects/upcloud-api-spec/sdk/csharp/src/Upcloud.Test/bin/Debug/Upcloud.Test.dll" executed="True" result="Success" success="True" time="0.473" asserts="0">
    <results>
      <test-suite type="Namespace" name="Upcloud" executed="True" result="Success" success="True" time="0.468" asserts="0">
        <results>
          <test-suite type="Namespace" name="Test" executed="True" result="Success" success="True" time="0.468" asserts="0">
            <results>
              <test-suite type="TestFixture" name="AccountApiTests" executed="True" result="Success" success="True" time="0.467" asserts="0">
                <results>
                  <test-case name="Upcloud.Test.AccountApiTests.GetAccountTest" executed="True" result="Success" success="True" time="0.460" asserts="2">
                    <categories>
                      <category name="RunOnlyThis" />
                    </categories>
                  </test-case>
                </results>
              </test-suite>
            </results>
          </test-suite>
        </results>
      </test-suite>
    </results>
  </test-suite>
</test-results>